0 info it worked if it ends with ok
1 verbose cli [ '/Users/francizidar/.nvm/versions/node/v7.2.0/bin/node',
1 verbose cli   '/Users/francizidar/.nvm/versions/node/v7.2.0/bin/npm',
1 verbose cli   'run',
1 verbose cli   'deploy:staging' ]
2 info using npm@3.10.9
3 info using node@v7.2.0
4 verbose run-script [ 'predeploy:staging', 'deploy:staging', 'postdeploy:staging' ]
5 info lifecycle parlameter-deploy@1.0.0~predeploy:staging: parlameter-deploy@1.0.0
6 silly lifecycle parlameter-deploy@1.0.0~predeploy:staging: no script for predeploy:staging, continuing
7 info lifecycle parlameter-deploy@1.0.0~deploy:staging: parlameter-deploy@1.0.0
8 verbose lifecycle parlameter-deploy@1.0.0~deploy:staging: unsafe-perm in lifecycle true
9 verbose lifecycle parlameter-deploy@1.0.0~deploy:staging: PATH: /Users/francizidar/.nvm/versions/node/v7.2.0/lib/node_modules/npm/bin/node-gyp-bin:/Users/francizidar/projects/parlameter/parlameter-deploy-v2/node_modules/.bin:/Users/francizidar/Downloads/google-cloud-sdk/bin:/Users/francizidar/.nvm/versions/node/v7.2.0/bin:/usr/local/bin:/usr/bin:/bin:/usr/sbin:/sbin:/opt/X11/bin:/usr/local/MacGPG2/bin
10 verbose lifecycle parlameter-deploy@1.0.0~deploy:staging: CWD: /Users/francizidar/projects/parlameter/parlameter-deploy-v2
11 silly lifecycle parlameter-deploy@1.0.0~deploy:staging: Args: [ '-c',
11 silly lifecycle   'MONGO_USERNAME=${MONGO_USERNAME} MONGO_PASSWORD=${MONGO_PASSWORD} pm2 deploy staging' ]
12 silly lifecycle parlameter-deploy@1.0.0~deploy:staging: Returned: code: 1  signal: null
13 info lifecycle parlameter-deploy@1.0.0~deploy:staging: Failed to exec deploy:staging script
14 verbose stack Error: parlameter-deploy@1.0.0 deploy:staging: `MONGO_USERNAME=${MONGO_USERNAME} MONGO_PASSWORD=${MONGO_PASSWORD} pm2 deploy staging`
14 verbose stack Exit status 1
14 verbose stack     at EventEmitter.<anonymous> (/Users/francizidar/.nvm/versions/node/v7.2.0/lib/node_modules/npm/lib/utils/lifecycle.js:255:16)
14 verbose stack     at emitTwo (events.js:106:13)
14 verbose stack     at EventEmitter.emit (events.js:191:7)
14 verbose stack     at ChildProcess.<anonymous> (/Users/francizidar/.nvm/versions/node/v7.2.0/lib/node_modules/npm/lib/utils/spawn.js:40:14)
14 verbose stack     at emitTwo (events.js:106:13)
14 verbose stack     at ChildProcess.emit (events.js:191:7)
14 verbose stack     at maybeClose (internal/child_process.js:885:16)
14 verbose stack     at Process.ChildProcess._handle.onexit (internal/child_process.js:226:5)
15 verbose pkgid parlameter-deploy@1.0.0
16 verbose cwd /Users/francizidar/projects/parlameter/parlameter-deploy-v2
17 error Darwin 16.7.0
18 error argv "/Users/francizidar/.nvm/versions/node/v7.2.0/bin/node" "/Users/francizidar/.nvm/versions/node/v7.2.0/bin/npm" "run" "deploy:staging"
19 error node v7.2.0
20 error npm  v3.10.9
21 error code ELIFECYCLE
22 error parlameter-deploy@1.0.0 deploy:staging: `MONGO_USERNAME=${MONGO_USERNAME} MONGO_PASSWORD=${MONGO_PASSWORD} pm2 deploy staging`
22 error Exit status 1
23 error Failed at the parlameter-deploy@1.0.0 deploy:staging script 'MONGO_USERNAME=${MONGO_USERNAME} MONGO_PASSWORD=${MONGO_PASSWORD} pm2 deploy staging'.
23 error Make sure you have the latest version of node.js and npm installed.
23 error If you do, this is most likely a problem with the parlameter-deploy package,
23 error not with npm itself.
23 error Tell the author that this fails on your system:
23 error     MONGO_USERNAME=${MONGO_USERNAME} MONGO_PASSWORD=${MONGO_PASSWORD} pm2 deploy staging
23 error You can get information on how to open an issue for this project with:
23 error     npm bugs parlameter-deploy
23 error Or if that isn't available, you can get their info via:
23 error     npm owner ls parlameter-deploy
23 error There is likely additional logging output above.
24 verbose exit [ 1, true ]
